2025-12-18T00:40:03: ============================================================
2025-12-18T00:40:03: 📊 ESTADO DEL SISTEMA
2025-12-18T00:40:03: ============================================================
2025-12-18T00:40:03: 🕐 Hora actual: 2025-12-18 00:40:03
2025-12-18T00:40:03: 🚀 Iniciado: 2025-12-17 09:18:49
2025-12-18T00:40:03: ⏱️ Tiempo activo: 15:21:14
2025-12-18T00:40:03: ✅ Última actualización: 2025-12-17 21:59:07
2025-12-18T00:40:03: ⏳ Tiempo desde última actualización: 2:40:56
2025-12-18T00:40:03: 📄 Último archivo procesado: Backlog_Nacional_Por_Produccion_17-12-2025_09.55.PM.csv
2025-12-18T00:40:03: ⚠️ Errores consecutivos: 0/5
2025-12-18T00:40:03: ============================================================
2025-12-18T01:40:23: ============================================================
2025-12-18T01:40:23: 📊 ESTADO DEL SISTEMA
2025-12-18T01:40:23: ============================================================
2025-12-18T01:40:23: 🕐 Hora actual: 2025-12-18 01:40:23
2025-12-18T01:40:23: 🚀 Iniciado: 2025-12-17 09:18:49
2025-12-18T01:40:23: ⏱️ Tiempo activo: 16:21:34
2025-12-18T01:40:23: ✅ Última actualización: 2025-12-17 21:59:07
2025-12-18T01:40:23: ⏳ Tiempo desde última actualización: 3:41:16
2025-12-18T01:40:23: 📄 Último archivo procesado: Backlog_Nacional_Por_Produccion_17-12-2025_09.55.PM.csv
2025-12-18T01:40:23: ⚠️ Errores consecutivos: 0/5
2025-12-18T01:40:23: ============================================================
2025-12-18T02:40:42: ============================================================
2025-12-18T02:40:42: 📊 ESTADO DEL SISTEMA
2025-12-18T02:40:42: ============================================================
2025-12-18T02:40:42: 🕐 Hora actual: 2025-12-18 02:40:42
2025-12-18T02:40:42: 🚀 Iniciado: 2025-12-17 09:18:49
2025-12-18T02:40:42: ⏱️ Tiempo activo: 17:21:52
2025-12-18T02:40:42: ✅ Última actualización: 2025-12-17 21:59:07
2025-12-18T02:40:42: ⏳ Tiempo desde última actualización: 4:41:34
2025-12-18T02:40:42: 📄 Último archivo procesado: Backlog_Nacional_Por_Produccion_17-12-2025_09.55.PM.csv
2025-12-18T02:40:42: ⚠️ Errores consecutivos: 0/5
2025-12-18T02:40:42: ============================================================
2025-12-18T03:41:00: ============================================================
2025-12-18T03:41:00: 📊 ESTADO DEL SISTEMA
2025-12-18T03:41:00: ============================================================
2025-12-18T03:41:00: 🕐 Hora actual: 2025-12-18 03:41:00
2025-12-18T03:41:00: 🚀 Iniciado: 2025-12-17 09:18:49
2025-12-18T03:41:00: ⏱️ Tiempo activo: 18:22:11
2025-12-18T03:41:00: ✅ Última actualización: 2025-12-17 21:59:07
2025-12-18T03:41:00: ⏳ Tiempo desde última actualización: 5:41:53
2025-12-18T03:41:00: 📄 Último archivo procesado: Backlog_Nacional_Por_Produccion_17-12-2025_09.55.PM.csv
2025-12-18T03:41:00: ⚠️ Errores consecutivos: 0/5
2025-12-18T03:41:00: ============================================================
2025-12-18T04:41:24: ============================================================
2025-12-18T04:41:24: 📊 ESTADO DEL SISTEMA
2025-12-18T04:41:24: ============================================================
2025-12-18T04:41:24: 🕐 Hora actual: 2025-12-18 04:41:24
2025-12-18T04:41:24: 🚀 Iniciado: 2025-12-17 09:18:49
2025-12-18T04:41:24: ⏱️ Tiempo activo: 19:22:35
2025-12-18T04:41:24: ✅ Última actualización: 2025-12-17 21:59:07
2025-12-18T04:41:24: ⏳ Tiempo desde última actualización: 6:42:17
2025-12-18T04:41:24: 📄 Último archivo procesado: Backlog_Nacional_Por_Produccion_17-12-2025_09.55.PM.csv
2025-12-18T04:41:24: ⚠️ Errores consecutivos: 0/5
2025-12-18T04:41:24: ============================================================
2025-12-18T05:41:49: ============================================================
2025-12-18T05:41:49: 📊 ESTADO DEL SISTEMA
2025-12-18T05:41:49: ============================================================
2025-12-18T05:41:49: 🕐 Hora actual: 2025-12-18 05:41:49
2025-12-18T05:41:49: 🚀 Iniciado: 2025-12-17 09:18:49
2025-12-18T05:41:49: ⏱️ Tiempo activo: 20:23:00
2025-12-18T05:41:49: ✅ Última actualización: 2025-12-17 21:59:07
2025-12-18T05:41:49: ⏳ Tiempo desde última actualización: 7:42:42
2025-12-18T05:41:49: 📄 Último archivo procesado: Backlog_Nacional_Por_Produccion_17-12-2025_09.55.PM.csv
2025-12-18T05:41:49: ⚠️ Errores consecutivos: 0/5
2025-12-18T05:41:49: ============================================================
2025-12-18T06:44:33: ============================================================
2025-12-18T06:44:33: 📊 ESTADO DEL SISTEMA
2025-12-18T06:44:33: ============================================================
2025-12-18T06:44:33: 🕐 Hora actual: 2025-12-18 06:44:33
2025-12-18T06:44:33: 🚀 Iniciado: 2025-12-17 09:18:49
2025-12-18T06:44:33: ⏱️ Tiempo activo: 21:25:44
2025-12-18T06:44:33: ✅ Última actualización: 2025-12-18 05:59:20
2025-12-18T06:44:33: ⏳ Tiempo desde última actualización: 0:45:13
2025-12-18T06:44:33: 📄 Último archivo procesado: Backlog_Nacional_Por_Produccion_18-12-2025_05.55.AM.csv
2025-12-18T06:44:33: ⚠️ Errores consecutivos: 0/5
2025-12-18T06:44:33: ============================================================
2025-12-18T07:44:51: ============================================================
2025-12-18T07:44:51: 📊 ESTADO DEL SISTEMA
2025-12-18T07:44:51: ============================================================
2025-12-18T07:44:51: 🕐 Hora actual: 2025-12-18 07:44:51
2025-12-18T07:44:51: 🚀 Iniciado: 2025-12-17 09:18:49
2025-12-18T07:44:51: ⏱️ Tiempo activo: 22:26:02
2025-12-18T07:44:51: ✅ Última actualización: 2025-12-18 05:59:20
2025-12-18T07:44:51: ⏳ Tiempo desde última actualización: 1:45:31
2025-12-18T07:44:51: 📄 Último archivo procesado: Backlog_Nacional_Por_Produccion_18-12-2025_05.55.AM.csv
2025-12-18T07:44:51: ⚠️ Errores consecutivos: 0/5
2025-12-18T07:44:51: ============================================================
2025-12-18T08:47:48: ============================================================
2025-12-18T08:47:48: 📊 ESTADO DEL SISTEMA
2025-12-18T08:47:48: ============================================================
2025-12-18T08:47:48: 🕐 Hora actual: 2025-12-18 08:47:48
2025-12-18T08:47:48: 🚀 Iniciado: 2025-12-17 09:18:49
2025-12-18T08:47:48: ⏱️ Tiempo activo: 23:28:59
2025-12-18T08:47:48: ✅ Última actualización: 2025-12-18 08:02:34
2025-12-18T08:47:48: ⏳ Tiempo desde última actualización: 0:45:14
2025-12-18T08:47:48: 📄 Último archivo procesado: Backlog_Nacional_Por_Produccion_18-12-2025_07.55.AM.csv
2025-12-18T08:47:48: ⚠️ Errores consecutivos: 0/5
2025-12-18T08:47:48: ============================================================
2025-12-18T09:48:09: ============================================================
2025-12-18T09:48:09: 📊 ESTADO DEL SISTEMA
2025-12-18T09:48:09: ============================================================
2025-12-18T09:48:09: 🕐 Hora actual: 2025-12-18 09:48:09
2025-12-18T09:48:09: 🚀 Iniciado: 2025-12-17 09:18:49
2025-12-18T09:48:09: ⏱️ Tiempo activo: 1 day, 0:29:19
2025-12-18T09:48:09: ✅ Última actualización: 2025-12-18 08:02:34
2025-12-18T09:48:09: ⏳ Tiempo desde última actualización: 1:45:35
2025-12-18T09:48:09: 📄 Último archivo procesado: Backlog_Nacional_Por_Produccion_18-12-2025_07.55.AM.csv
2025-12-18T09:48:09: ⚠️ Errores consecutivos: 0/5
2025-12-18T09:48:09: ============================================================
2025-12-18T10:50:41: ============================================================
2025-12-18T10:50:41: 📊 ESTADO DEL SISTEMA
2025-12-18T10:50:41: ============================================================
2025-12-18T10:50:41: 🕐 Hora actual: 2025-12-18 10:50:41
2025-12-18T10:50:41: 🚀 Iniciado: 2025-12-17 09:18:49
2025-12-18T10:50:41: ⏱️ Tiempo activo: 1 day, 1:31:51
2025-12-18T10:50:41: ✅ Última actualización: 2025-12-18 10:00:24
2025-12-18T10:50:41: ⏳ Tiempo desde última actualización: 0:50:16
2025-12-18T10:50:41: 📄 Último archivo procesado: Backlog_Nacional_Por_Produccion_18-12-2025_09.55.AM.csv
2025-12-18T10:50:41: ⚠️ Errores consecutivos: 0/5
2025-12-18T10:50:41: ============================================================
2025-12-18T11:51:02: ============================================================
2025-12-18T11:51:02: 📊 ESTADO DEL SISTEMA
2025-12-18T11:51:02: ============================================================
2025-12-18T11:51:02: 🕐 Hora actual: 2025-12-18 11:51:02
2025-12-18T11:51:02: 🚀 Iniciado: 2025-12-17 09:18:49
2025-12-18T11:51:02: ⏱️ Tiempo activo: 1 day, 2:32:12
2025-12-18T11:51:02: ✅ Última actualización: 2025-12-18 10:00:24
2025-12-18T11:51:02: ⏳ Tiempo desde última actualización: 1:50:37
2025-12-18T11:51:02: 📄 Último archivo procesado: Backlog_Nacional_Por_Produccion_18-12-2025_09.55.AM.csv
2025-12-18T11:51:02: ⚠️ Errores consecutivos: 0/5
2025-12-18T11:51:02: ============================================================
2025-12-18T12:51:27: ============================================================
2025-12-18T12:51:27: 📊 ESTADO DEL SISTEMA
2025-12-18T12:51:27: ============================================================
2025-12-18T12:51:27: 🕐 Hora actual: 2025-12-18 12:51:27
2025-12-18T12:51:27: 🚀 Iniciado: 2025-12-17 09:18:49
2025-12-18T12:51:27: ⏱️ Tiempo activo: 1 day, 3:32:38
2025-12-18T12:51:27: ✅ Última actualización: 2025-12-18 11:56:09
2025-12-18T12:51:27: ⏳ Tiempo desde última actualización: 0:55:18
2025-12-18T12:51:27: 📄 Último archivo procesado: Backlog_Nacional_Por_Produccion_18-12-2025_11.55.AM.csv
2025-12-18T12:51:27: ⚠️ Errores consecutivos: 0/5
2025-12-18T12:51:27: ============================================================
2025-12-18T13:51:45: ============================================================
2025-12-18T13:51:45: 📊 ESTADO DEL SISTEMA
2025-12-18T13:51:45: ============================================================
2025-12-18T13:51:45: 🕐 Hora actual: 2025-12-18 13:51:45
2025-12-18T13:51:45: 🚀 Iniciado: 2025-12-17 09:18:49
2025-12-18T13:51:45: ⏱️ Tiempo activo: 1 day, 4:32:56
2025-12-18T13:51:45: ✅ Última actualización: 2025-12-18 11:56:09
2025-12-18T13:51:45: ⏳ Tiempo desde última actualización: 1:55:36
2025-12-18T13:51:45: 📄 Último archivo procesado: Backlog_Nacional_Por_Produccion_18-12-2025_11.55.AM.csv
2025-12-18T13:51:45: ⚠️ Errores consecutivos: 0/5
2025-12-18T13:51:45: ============================================================
2025-12-18T14:52:07: ============================================================
2025-12-18T14:52:07: 📊 ESTADO DEL SISTEMA
2025-12-18T14:52:07: ============================================================
2025-12-18T14:52:07: 🕐 Hora actual: 2025-12-18 14:52:07
2025-12-18T14:52:07: 🚀 Iniciado: 2025-12-17 09:18:49
2025-12-18T14:52:07: ⏱️ Tiempo activo: 1 day, 5:33:17
2025-12-18T14:52:07: ✅ Última actualización: 2025-12-18 11:56:09
2025-12-18T14:52:07: ⏳ Tiempo desde última actualización: 2:55:57
2025-12-18T14:52:07: 📄 Último archivo procesado: Backlog_Nacional_Por_Produccion_18-12-2025_11.55.AM.csv
2025-12-18T14:52:07: ⚠️ Errores consecutivos: 0/5
2025-12-18T14:52:07: 
